<?xml version="1.0" encoding="UTF-8"?>
<beans xmlns="http://www.springframework.org/schema/beans"
	xmlns:xsi="http://www.w3.org/2001/XMLSchema-instance" xmlns:aop="http://www.springframework.org/schema/aop"
	xmlns:context="http://www.springframework.org/schema/context"
	xmlns:jdbc="http://www.springframework.org/schema/jdbc"
	xsi:schemaLocation="
     http://www.springframework.org/schema/beans
     http://www.springframework.org/schema/beans/spring-beans.xsd
     http://www.springframework.org/schema/aop
     http://www.springframework.org/schema/aop/spring-aop.xsd
     http://www.springframework.org/schema/context
     http://www.springframework.org/schema/context/spring-context.xsd
     http://www.springframework.org/schema/jdbc
     http://www.springframework.org/schema/jdbc/spring-jdbc.xsd
     ">

	<!-- Without the transaction proxy, JdbcTemplate will close the active connection 
		after each statement -->
	<bean id="dataSource"
		class="org.springframework.jdbc.datasource.TransactionAwareDataSourceProxy">
		<property name="targetDataSource" ref="applicationServerDataSource"/>
	</bean>


	<bean id="applicationServerDataSource" class="org.apache.commons.dbcp.BasicDataSource">
		<property name="driverClassName" value="org.hsqldb.jdbcDriver" />
		<property name="url"
			value="jdbc:hsqldb:mem:component_registry;sql.syntax_pgs=true" />
		<property name="username" value="sa" />
		<property name="password" value="" />
		<property name="defaultAutoCommit" value="true" />
		<property name="initialSize" value="400"/>
	</bean>


	<bean id="RegistryTestHelper" class="clarin.cmdi.componentregistry.rest.RegistryTestHelper"/>
	<bean id="PrintXmlFromRssRunner" class="clarin.cmdi.componentregistry.rss.PrintXmlFromRssRunner"/>
</beans>
